c:\users\linoy\documents\visual studio 2015\projects\spl-net-client\spl-net-client\debug\vc140.pdb
c:\users\linoy\documents\visual studio 2015\projects\spl-net-client\spl-net-client\debug\vc140.idb
c:\users\linoy\documents\visual studio 2015\projects\spl-net-client\spl-net-client\debug\connectionhandler.obj
c:\users\linoy\documents\visual studio 2015\projects\spl-net-client\spl-net-client\debug\main.obj
c:\users\linoy\documents\visual studio 2015\projects\spl-net-client\spl-net-client\debug\messageencoderdecoder.obj
c:\users\linoy\documents\visual studio 2015\projects\spl-net-client\spl-net-client\debug\writepacket.obj
c:\users\linoy\documents\visual studio 2015\projects\spl-net-client\spl-net-client\debug\ackpacket.obj
c:\users\linoy\documents\visual studio 2015\projects\spl-net-client\spl-net-client\debug\bcastpacket.obj
c:\users\linoy\documents\visual studio 2015\projects\spl-net-client\spl-net-client\debug\deletepacket.obj
c:\users\linoy\documents\visual studio 2015\projects\spl-net-client\spl-net-client\debug\dirlistpacket.obj
c:\users\linoy\documents\visual studio 2015\projects\spl-net-client\spl-net-client\debug\disconnectpacket.obj
c:\users\linoy\documents\visual studio 2015\projects\spl-net-client\spl-net-client\debug\errorpacket.obj
c:\users\linoy\documents\visual studio 2015\projects\spl-net-client\spl-net-client\debug\loginpacket.obj
c:\users\linoy\documents\visual studio 2015\projects\spl-net-client\spl-net-client\debug\readpacket.obj
c:\users\linoy\documents\visual studio 2015\projects\spl-net-client\spl-net-client\debug\datapacket.obj
c:\users\linoy\documents\visual studio 2015\projects\spl-net-client\spl-net-client\debug\tftppacket.obj
c:\users\linoy\documents\visual studio 2015\projects\spl-net-client\spl-net-client\debug\clientstate.obj
c:\users\linoy\documents\visual studio 2015\projects\spl-net-client\spl-net-client\debug\commandlinelistener.obj
c:\users\linoy\documents\visual studio 2015\projects\spl-net-client\spl-net-client\debug\serverresponselistener.obj
c:\users\linoy\documents\visual studio 2015\projects\spl-net-client\spl-net-client\debug\messageencoderdecoder.obj.enc
c:\users\linoy\documents\visual studio 2015\projects\spl-net-client\spl-net-client\debug\writepacket.obj.enc
c:\users\linoy\documents\visual studio 2015\projects\spl-net-client\debug\spl-net-client.pdb
c:\users\linoy\documents\visual studio 2015\projects\spl-net-client\debug\spl-net-client.exe
c:\users\linoy\documents\visual studio 2015\projects\spl-net-client\debug\spl-net-client.ilk
c:\users\linoy\documents\visual studio 2015\projects\spl-net-client\spl-net-client\debug\spl-net-client.tlog\cl.command.1.tlog
c:\users\linoy\documents\visual studio 2015\projects\spl-net-client\spl-net-client\debug\spl-net-client.tlog\cl.read.1.tlog
c:\users\linoy\documents\visual studio 2015\projects\spl-net-client\spl-net-client\debug\spl-net-client.tlog\cl.write.1.tlog
c:\users\linoy\documents\visual studio 2015\projects\spl-net-client\spl-net-client\debug\spl-net-client.tlog\link.command.1.tlog
c:\users\linoy\documents\visual studio 2015\projects\spl-net-client\spl-net-client\debug\spl-net-client.tlog\link.read.1.tlog
c:\users\linoy\documents\visual studio 2015\projects\spl-net-client\spl-net-client\debug\spl-net-client.tlog\link.write.1.tlog
